<?xml version="1.0" encoding="UTF-8"?>
<!-- Generated by org.testng.reporters.JUnitReportReporter -->
<testsuite skipped="0" hostname="LAPTOP-LI3MDMOG" name="Test.LauncherBrowserTest" tests="1" failures="0" timestamp="2020-08-26T12:01:24 CDT" time="6.305" errors="0">
  <testcase name="TestBrowser" time="6.305" classname="Test.LauncherBrowserTest"/>
  <system-out/>
</testsuite> <!-- Test.LauncherBrowserTest -->
