<?xml version="1.0" encoding="UTF-8"?>
<!-- Generated by org.testng.reporters.JUnitReportReporter -->
<testsuite skipped="0" hostname="LAPTOP-LI3MDMOG" name="Test.Month_DropDown_ButtonTest" tests="1" failures="0" timestamp="2020-08-28T19:28:58 CDT" time="6.570" errors="0">
  <testcase name="dropDown_Menu" time="6.570" classname="Test.Month_DropDown_ButtonTest"/>
  <system-out/>
</testsuite> <!-- Test.Month_DropDown_ButtonTest -->
