<?xml version="1.0" encoding="UTF-8"?>
<!-- Generated by org.testng.reporters.JUnitReportReporter -->
<testsuite skipped="0" hostname="LAPTOP-LI3MDMOG" name="Test.Add_categoryTest" tests="1" failures="0" timestamp="2020-08-26T17:38:17 CDT" time="12.106" errors="0">
  <testcase name="UserShoubAbleToAddCategory" time="12.106" classname="Test.Add_categoryTest"/>
  <system-out/>
</testsuite> <!-- Test.Add_categoryTest -->
