<?xml version="1.0" encoding="UTF-8"?>
<!-- Generated by org.testng.reporters.JUnitReportReporter -->
<testsuite skipped="0" hostname="LAPTOP-LI3MDMOG" name="Test.MonthDropDownTest" tests="1" failures="0" timestamp="2020-08-28T20:20:28 CDT" time="7.737" errors="0">
  <testcase name="clickDropDown_Button" time="7.737" classname="Test.MonthDropDownTest"/>
  <system-out/>
</testsuite> <!-- Test.MonthDropDownTest -->
