<?xml version="1.0" encoding="UTF-8"?>
<!-- Generated by org.testng.reporters.JUnitReportReporter -->
<testsuite skipped="0" hostname="LAPTOP-LI3MDMOG" name="Test.DuplicateCategoryTest" tests="1" failures="0" timestamp="2020-08-28T16:15:00 CDT" time="7.354" errors="0">
  <testcase name="UserShoubAbleToAddCategory" time="7.354" classname="Test.DuplicateCategoryTest"/>
  <system-out/>
</testsuite> <!-- Test.DuplicateCategoryTest -->
